{"C:\\Users\\Core\\Desktop\\Stage 2\\eCommerce-Application\\src\\client\\validations\\city-validation.ts": {"path":"C:\\Users\\Core\\Desktop\\Stage 2\\eCommerce-Application\\src\\client\\validations\\city-validation.ts","statementMap":{"0":{"start":{"line":1,"column":0},"end":{"line":1,"column":79}},"1":{"start":{"line":2,"column":0},"end":{"line":2,"column":70}},"2":{"start":{"line":11,"column":4},"end":{"line":11,"column":63}},"3":{"start":{"line":12,"column":19},"end":{"line":12,"column":21}},"4":{"start":{"line":13,"column":4},"end":{"line":15,"column":null}},"5":{"start":{"line":14,"column":6},"end":{"line":14,"column":47}},"6":{"start":{"line":16,"column":4},"end":{"line":19,"column":null}},"7":{"start":{"line":17,"column":6},"end":{"line":17,"column":56}},"8":{"start":{"line":18,"column":6},"end":{"line":18,"column":19}},"9":{"start":{"line":20,"column":4},"end":{"line":20,"column":54}},"10":{"start":{"line":21,"column":4},"end":{"line":21,"column":16}},"11":{"start":{"line":26,"column":4},"end":{"line":30,"column":null}},"12":{"start":{"line":27,"column":6},"end":{"line":27,"column":59}},"13":{"start":{"line":29,"column":6},"end":{"line":29,"column":66}},"14":{"start":{"line":31,"column":27},"end":{"line":31,"column":52}},"15":{"start":{"line":32,"column":4},"end":{"line":32,"column":37}},"16":{"start":{"line":6,"column":9},"end":{"line":8,"column":null}},"17":{"start":{"line":5,"column":21},"end":{"line":5,"column":null}}},"fnMap":{"0":{"name":"(anonymous_1)","decl":{"start":{"line":10,"column":2},"end":{"line":10,"column":8}},"loc":{"start":{"line":10,"column":55},"end":{"line":22,"column":3}}},"1":{"name":"(anonymous_2)","decl":{"start":{"line":24,"column":2},"end":{"line":24,"column":8}},"loc":{"start":{"line":24,"column":43},"end":{"line":33,"column":3}}}},"branchMap":{"0":{"loc":{"start":{"line":10,"column":22},"end":{"line":10,"column":55}},"type":"default-arg","locations":[{"start":{"line":10,"column":45},"end":{"line":10,"column":55}}]},"1":{"loc":{"start":{"line":13,"column":4},"end":{"line":15,"column":null}},"type":"if","locations":[{"start":{"line":13,"column":4},"end":{"line":15,"column":null}}]},"2":{"loc":{"start":{"line":16,"column":4},"end":{"line":19,"column":null}},"type":"if","locations":[{"start":{"line":16,"column":4},"end":{"line":19,"column":null}}]},"3":{"loc":{"start":{"line":26,"column":4},"end":{"line":30,"column":null}},"type":"if","locations":[{"start":{"line":26,"column":4},"end":{"line":30,"column":null}},{"start":{"line":28,"column":10},"end":{"line":30,"column":null}}]}},"s":{"0":2,"1":2,"2":0,"3":0,"4":0,"5":0,"6":0,"7":0,"8":0,"9":0,"10":0,"11":4,"12":4,"13":0,"14":4,"15":4,"16":2,"17":2},"f":{"0":0,"1":4},"b":{"0":[0],"1":[0],"2":[0],"3":[4,0]}}
,"C:\\Users\\Core\\Desktop\\Stage 2\\eCommerce-Application\\src\\client\\validations\\country-validation.ts": {"path":"C:\\Users\\Core\\Desktop\\Stage 2\\eCommerce-Application\\src\\client\\validations\\country-validation.ts","statementMap":{"0":{"start":{"line":1,"column":0},"end":{"line":1,"column":79}},"1":{"start":{"line":2,"column":0},"end":{"line":2,"column":70}},"2":{"start":{"line":3,"column":0},"end":{"line":3,"column":96}},"3":{"start":{"line":4,"column":0},"end":{"line":4,"column":56}},"4":{"start":{"line":13,"column":4},"end":{"line":13,"column":66}},"5":{"start":{"line":14,"column":19},"end":{"line":14,"column":21}},"6":{"start":{"line":15,"column":4},"end":{"line":17,"column":null}},"7":{"start":{"line":16,"column":6},"end":{"line":16,"column":50}},"8":{"start":{"line":18,"column":4},"end":{"line":21,"column":null}},"9":{"start":{"line":19,"column":6},"end":{"line":19,"column":59}},"10":{"start":{"line":20,"column":6},"end":{"line":20,"column":19}},"11":{"start":{"line":22,"column":4},"end":{"line":22,"column":57}},"12":{"start":{"line":23,"column":4},"end":{"line":23,"column":57}},"13":{"start":{"line":24,"column":4},"end":{"line":24,"column":16}},"14":{"start":{"line":29,"column":4},"end":{"line":33,"column":null}},"15":{"start":{"line":30,"column":6},"end":{"line":30,"column":65}},"16":{"start":{"line":32,"column":6},"end":{"line":32,"column":null}},"17":{"start":{"line":35,"column":6},"end":{"line":37,"column":32}},"18":{"start":{"line":36,"column":23},"end":{"line":36,"column":27}},"19":{"start":{"line":38,"column":4},"end":{"line":38,"column":28}},"20":{"start":{"line":8,"column":9},"end":{"line":10,"column":null}},"21":{"start":{"line":7,"column":21},"end":{"line":7,"column":null}}},"fnMap":{"0":{"name":"(anonymous_1)","decl":{"start":{"line":12,"column":2},"end":{"line":12,"column":8}},"loc":{"start":{"line":12,"column":58},"end":{"line":25,"column":3}}},"1":{"name":"(anonymous_2)","decl":{"start":{"line":27,"column":2},"end":{"line":27,"column":8}},"loc":{"start":{"line":27,"column":42},"end":{"line":39,"column":3}}},"2":{"name":"(anonymous_3)","decl":{"start":{"line":36,"column":13},"end":{"line":36,"column":14}},"loc":{"start":{"line":36,"column":23},"end":{"line":36,"column":27}}}},"branchMap":{"0":{"loc":{"start":{"line":12,"column":25},"end":{"line":12,"column":58}},"type":"default-arg","locations":[{"start":{"line":12,"column":48},"end":{"line":12,"column":58}}]},"1":{"loc":{"start":{"line":15,"column":4},"end":{"line":17,"column":null}},"type":"if","locations":[{"start":{"line":15,"column":4},"end":{"line":17,"column":null}}]},"2":{"loc":{"start":{"line":18,"column":4},"end":{"line":21,"column":null}},"type":"if","locations":[{"start":{"line":18,"column":4},"end":{"line":21,"column":null}}]},"3":{"loc":{"start":{"line":29,"column":4},"end":{"line":33,"column":null}},"type":"if","locations":[{"start":{"line":29,"column":4},"end":{"line":33,"column":null}},{"start":{"line":31,"column":10},"end":{"line":33,"column":null}}]}},"s":{"0":1,"1":1,"2":1,"3":1,"4":0,"5":0,"6":0,"7":0,"8":0,"9":0,"10":0,"11":0,"12":0,"13":0,"14":2,"15":2,"16":0,"17":2,"18":8,"19":2,"20":1,"21":1},"f":{"0":0,"1":2,"2":8},"b":{"0":[0],"1":[0],"2":[0],"3":[2,0]}}
,"C:\\Users\\Core\\Desktop\\Stage 2\\eCommerce-Application\\src\\client\\validations\\date-birth-validation.ts": {"path":"C:\\Users\\Core\\Desktop\\Stage 2\\eCommerce-Application\\src\\client\\validations\\date-birth-validation.ts","statementMap":{"0":{"start":{"line":1,"column":0},"end":{"line":1,"column":79}},"1":{"start":{"line":2,"column":0},"end":{"line":2,"column":70}},"2":{"start":{"line":12,"column":4},"end":{"line":12,"column":55}},"3":{"start":{"line":13,"column":19},"end":{"line":13,"column":21}},"4":{"start":{"line":14,"column":4},"end":{"line":16,"column":null}},"5":{"start":{"line":15,"column":6},"end":{"line":15,"column":54}},"6":{"start":{"line":17,"column":4},"end":{"line":20,"column":null}},"7":{"start":{"line":18,"column":6},"end":{"line":18,"column":46}},"8":{"start":{"line":19,"column":6},"end":{"line":19,"column":19}},"9":{"start":{"line":21,"column":4},"end":{"line":21,"column":44}},"10":{"start":{"line":22,"column":4},"end":{"line":22,"column":16}},"11":{"start":{"line":26,"column":25},"end":{"line":26,"column":78}},"12":{"start":{"line":27,"column":18},"end":{"line":27,"column":28}},"13":{"start":{"line":28,"column":25},"end":{"line":28,"column":47}},"14":{"start":{"line":29,"column":16},"end":{"line":29,"column":64}},"15":{"start":{"line":30,"column":4},"end":{"line":30,"column":31}},"16":{"start":{"line":5,"column":9},"end":{"line":5,"column":19}},"17":{"start":{"line":7,"column":9},"end":{"line":7,"column":29}},"18":{"start":{"line":4,"column":21},"end":{"line":4,"column":null}}},"fnMap":{"0":{"name":"(anonymous_1)","decl":{"start":{"line":11,"column":2},"end":{"line":11,"column":8}},"loc":{"start":{"line":11,"column":29},"end":{"line":23,"column":3}}},"1":{"name":"(anonymous_2)","decl":{"start":{"line":25,"column":2},"end":{"line":25,"column":8}},"loc":{"start":{"line":25,"column":35},"end":{"line":31,"column":3}}}},"branchMap":{"0":{"loc":{"start":{"line":14,"column":4},"end":{"line":16,"column":null}},"type":"if","locations":[{"start":{"line":14,"column":4},"end":{"line":16,"column":null}}]},"1":{"loc":{"start":{"line":17,"column":4},"end":{"line":20,"column":null}},"type":"if","locations":[{"start":{"line":17,"column":4},"end":{"line":20,"column":null}}]}},"s":{"0":1,"1":1,"2":0,"3":0,"4":0,"5":0,"6":0,"7":0,"8":0,"9":0,"10":0,"11":2,"12":2,"13":2,"14":2,"15":2,"16":1,"17":1,"18":1},"f":{"0":0,"1":2},"b":{"0":[0],"1":[0]}}
,"C:\\Users\\Core\\Desktop\\Stage 2\\eCommerce-Application\\src\\client\\validations\\first-name-validation.ts": {"path":"C:\\Users\\Core\\Desktop\\Stage 2\\eCommerce-Application\\src\\client\\validations\\first-name-validation.ts","statementMap":{"0":{"start":{"line":1,"column":0},"end":{"line":1,"column":79}},"1":{"start":{"line":2,"column":0},"end":{"line":2,"column":70}},"2":{"start":{"line":11,"column":4},"end":{"line":11,"column":61}},"3":{"start":{"line":12,"column":19},"end":{"line":12,"column":21}},"4":{"start":{"line":13,"column":4},"end":{"line":15,"column":null}},"5":{"start":{"line":14,"column":6},"end":{"line":14,"column":52}},"6":{"start":{"line":16,"column":4},"end":{"line":19,"column":null}},"7":{"start":{"line":17,"column":6},"end":{"line":17,"column":52}},"8":{"start":{"line":18,"column":6},"end":{"line":18,"column":19}},"9":{"start":{"line":20,"column":4},"end":{"line":20,"column":50}},"10":{"start":{"line":21,"column":4},"end":{"line":21,"column":16}},"11":{"start":{"line":25,"column":22},"end":{"line":25,"column":72}},"12":{"start":{"line":26,"column":27},"end":{"line":26,"column":42}},"13":{"start":{"line":27,"column":4},"end":{"line":27,"column":null}},"14":{"start":{"line":6,"column":9},"end":{"line":8,"column":null}},"15":{"start":{"line":5,"column":21},"end":{"line":5,"column":null}}},"fnMap":{"0":{"name":"(anonymous_1)","decl":{"start":{"line":10,"column":2},"end":{"line":10,"column":8}},"loc":{"start":{"line":10,"column":26},"end":{"line":22,"column":3}}},"1":{"name":"(anonymous_2)","decl":{"start":{"line":24,"column":2},"end":{"line":24,"column":8}},"loc":{"start":{"line":24,"column":23},"end":{"line":28,"column":3}}}},"branchMap":{"0":{"loc":{"start":{"line":13,"column":4},"end":{"line":15,"column":null}},"type":"if","locations":[{"start":{"line":13,"column":4},"end":{"line":15,"column":null}}]},"1":{"loc":{"start":{"line":16,"column":4},"end":{"line":19,"column":null}},"type":"if","locations":[{"start":{"line":16,"column":4},"end":{"line":19,"column":null}}]}},"s":{"0":1,"1":1,"2":0,"3":0,"4":0,"5":0,"6":0,"7":0,"8":0,"9":0,"10":0,"11":2,"12":2,"13":2,"14":1,"15":1},"f":{"0":0,"1":2},"b":{"0":[0],"1":[0]}}
,"C:\\Users\\Core\\Desktop\\Stage 2\\eCommerce-Application\\src\\client\\validations\\last-name-validation.ts": {"path":"C:\\Users\\Core\\Desktop\\Stage 2\\eCommerce-Application\\src\\client\\validations\\last-name-validation.ts","statementMap":{"0":{"start":{"line":1,"column":0},"end":{"line":1,"column":79}},"1":{"start":{"line":2,"column":0},"end":{"line":2,"column":70}},"2":{"start":{"line":10,"column":4},"end":{"line":10,"column":60}},"3":{"start":{"line":11,"column":19},"end":{"line":11,"column":21}},"4":{"start":{"line":12,"column":4},"end":{"line":14,"column":null}},"5":{"start":{"line":13,"column":6},"end":{"line":13,"column":51}},"6":{"start":{"line":15,"column":4},"end":{"line":18,"column":null}},"7":{"start":{"line":16,"column":6},"end":{"line":16,"column":51}},"8":{"start":{"line":17,"column":6},"end":{"line":17,"column":19}},"9":{"start":{"line":19,"column":4},"end":{"line":19,"column":49}},"10":{"start":{"line":20,"column":4},"end":{"line":20,"column":16}},"11":{"start":{"line":24,"column":21},"end":{"line":24,"column":70}},"12":{"start":{"line":25,"column":27},"end":{"line":25,"column":42}},"13":{"start":{"line":26,"column":4},"end":{"line":26,"column":null}},"14":{"start":{"line":5,"column":9},"end":{"line":7,"column":null}},"15":{"start":{"line":4,"column":21},"end":{"line":4,"column":null}}},"fnMap":{"0":{"name":"(anonymous_1)","decl":{"start":{"line":9,"column":2},"end":{"line":9,"column":8}},"loc":{"start":{"line":9,"column":25},"end":{"line":21,"column":3}}},"1":{"name":"(anonymous_2)","decl":{"start":{"line":23,"column":2},"end":{"line":23,"column":8}},"loc":{"start":{"line":23,"column":22},"end":{"line":27,"column":3}}}},"branchMap":{"0":{"loc":{"start":{"line":12,"column":4},"end":{"line":14,"column":null}},"type":"if","locations":[{"start":{"line":12,"column":4},"end":{"line":14,"column":null}}]},"1":{"loc":{"start":{"line":15,"column":4},"end":{"line":18,"column":null}},"type":"if","locations":[{"start":{"line":15,"column":4},"end":{"line":18,"column":null}}]}},"s":{"0":1,"1":1,"2":0,"3":0,"4":0,"5":0,"6":0,"7":0,"8":0,"9":0,"10":0,"11":2,"12":2,"13":2,"14":1,"15":1},"f":{"0":0,"1":2},"b":{"0":[0],"1":[0]}}
,"C:\\Users\\Core\\Desktop\\Stage 2\\eCommerce-Application\\src\\client\\validations\\login-validation.ts": {"path":"C:\\Users\\Core\\Desktop\\Stage 2\\eCommerce-Application\\src\\client\\validations\\login-validation.ts","statementMap":{"0":{"start":{"line":1,"column":0},"end":{"line":1,"column":66}},"1":{"start":{"line":2,"column":0},"end":{"line":2,"column":79}},"2":{"start":{"line":10,"column":22},"end":{"line":10,"column":86}},"3":{"start":{"line":11,"column":4},"end":{"line":11,"column":45}},"4":{"start":{"line":12,"column":19},"end":{"line":12,"column":21}},"5":{"start":{"line":13,"column":4},"end":{"line":15,"column":null}},"6":{"start":{"line":14,"column":6},"end":{"line":14,"column":53}},"7":{"start":{"line":16,"column":4},"end":{"line":19,"column":null}},"8":{"start":{"line":17,"column":6},"end":{"line":17,"column":36}},"9":{"start":{"line":18,"column":6},"end":{"line":18,"column":19}},"10":{"start":{"line":20,"column":4},"end":{"line":20,"column":34}},"11":{"start":{"line":21,"column":4},"end":{"line":21,"column":16}},"12":{"start":{"line":25,"column":27},"end":{"line":25,"column":67}},"13":{"start":{"line":26,"column":4},"end":{"line":26,"column":38}},"14":{"start":{"line":30,"column":4},"end":{"line":30,"column":34}},"15":{"start":{"line":35,"column":27},"end":{"line":35,"column":68}},"16":{"start":{"line":36,"column":4},"end":{"line":36,"column":38}},"17":{"start":{"line":40,"column":27},"end":{"line":40,"column":30}},"18":{"start":{"line":41,"column":4},"end":{"line":41,"column":38}},"19":{"start":{"line":5,"column":9},"end":{"line":7,"column":4}},"20":{"start":{"line":4,"column":21},"end":{"line":4,"column":null}}},"fnMap":{"0":{"name":"(anonymous_1)","decl":{"start":{"line":9,"column":2},"end":{"line":9,"column":8}},"loc":{"start":{"line":9,"column":68},"end":{"line":22,"column":3}}},"1":{"name":"(anonymous_2)","decl":{"start":{"line":24,"column":2},"end":{"line":24,"column":8}},"loc":{"start":{"line":24,"column":38},"end":{"line":27,"column":3}}},"2":{"name":"(anonymous_3)","decl":{"start":{"line":29,"column":2},"end":{"line":29,"column":8}},"loc":{"start":{"line":29,"column":33},"end":{"line":31,"column":3}}},"3":{"name":"(anonymous_4)","decl":{"start":{"line":34,"column":2},"end":{"line":34,"column":8}},"loc":{"start":{"line":34,"column":38},"end":{"line":37,"column":3}}},"4":{"name":"(anonymous_5)","decl":{"start":{"line":39,"column":2},"end":{"line":39,"column":8}},"loc":{"start":{"line":39,"column":36},"end":{"line":42,"column":3}}}},"branchMap":{"0":{"loc":{"start":{"line":10,"column":22},"end":{"line":10,"column":86}},"type":"cond-expr","locations":[{"start":{"line":10,"column":48},"end":{"line":10,"column":69}},{"start":{"line":10,"column":72},"end":{"line":10,"column":86}}]},"1":{"loc":{"start":{"line":13,"column":4},"end":{"line":15,"column":null}},"type":"if","locations":[{"start":{"line":13,"column":4},"end":{"line":15,"column":null}}]},"2":{"loc":{"start":{"line":13,"column":10},"end":{"line":13,"column":123}},"type":"binary-expr","locations":[{"start":{"line":13,"column":10},"end":{"line":13,"column":37}},{"start":{"line":13,"column":41},"end":{"line":13,"column":63}},{"start":{"line":13,"column":67},"end":{"line":13,"column":94}},{"start":{"line":13,"column":98},"end":{"line":13,"column":123}}]},"3":{"loc":{"start":{"line":16,"column":4},"end":{"line":19,"column":null}},"type":"if","locations":[{"start":{"line":16,"column":4},"end":{"line":19,"column":null}}]}},"s":{"0":1,"1":1,"2":2,"3":2,"4":2,"5":2,"6":1,"7":2,"8":1,"9":1,"10":1,"11":1,"12":6,"13":6,"14":3,"15":1,"16":1,"17":3,"18":3,"19":1,"20":1},"f":{"0":2,"1":6,"2":3,"3":1,"4":3},"b":{"0":[0,2],"1":[1],"2":[2,1,1,1],"3":[1]}}
,"C:\\Users\\Core\\Desktop\\Stage 2\\eCommerce-Application\\src\\client\\validations\\post-code-validation.ts": {"path":"C:\\Users\\Core\\Desktop\\Stage 2\\eCommerce-Application\\src\\client\\validations\\post-code-validation.ts","statementMap":{"0":{"start":{"line":1,"column":0},"end":{"line":1,"column":34}},"1":{"start":{"line":2,"column":0},"end":{"line":2,"column":79}},"2":{"start":{"line":3,"column":0},"end":{"line":3,"column":70}},"3":{"start":{"line":13,"column":4},"end":{"line":15,"column":null}},"4":{"start":{"line":14,"column":6},"end":{"line":14,"column":69}},"5":{"start":{"line":16,"column":19},"end":{"line":16,"column":21}},"6":{"start":{"line":17,"column":4},"end":{"line":19,"column":null}},"7":{"start":{"line":18,"column":6},"end":{"line":18,"column":53}},"8":{"start":{"line":20,"column":4},"end":{"line":23,"column":null}},"9":{"start":{"line":21,"column":6},"end":{"line":21,"column":62}},"10":{"start":{"line":22,"column":6},"end":{"line":22,"column":19}},"11":{"start":{"line":24,"column":4},"end":{"line":24,"column":60}},"12":{"start":{"line":25,"column":4},"end":{"line":25,"column":16}},"13":{"start":{"line":31,"column":4},"end":{"line":37,"column":null}},"14":{"start":{"line":32,"column":6},"end":{"line":32,"column":71}},"15":{"start":{"line":33,"column":6},"end":{"line":33,"column":69}},"16":{"start":{"line":35,"column":6},"end":{"line":35,"column":78}},"17":{"start":{"line":36,"column":6},"end":{"line":36,"column":76}},"18":{"start":{"line":38,"column":24},"end":{"line":38,"column":55}},"19":{"start":{"line":39,"column":4},"end":{"line":41,"column":null}},"20":{"start":{"line":40,"column":6},"end":{"line":40,"column":61}},"21":{"start":{"line":42,"column":6},"end":{"line":42,"column":55}},"22":{"start":{"line":47,"column":55},"end":{"line":49,"column":6}},"23":{"start":{"line":50,"column":4},"end":{"line":50,"column":70}},"24":{"start":{"line":8,"column":9},"end":{"line":10,"column":null}},"25":{"start":{"line":7,"column":21},"end":{"line":7,"column":null}}},"fnMap":{"0":{"name":"(anonymous_1)","decl":{"start":{"line":12,"column":2},"end":{"line":12,"column":8}},"loc":{"start":{"line":12,"column":77},"end":{"line":26,"column":3}}},"1":{"name":"(anonymous_2)","decl":{"start":{"line":28,"column":2},"end":{"line":28,"column":8}},"loc":{"start":{"line":28,"column":45},"end":{"line":44,"column":3}}},"2":{"name":"(anonymous_3)","decl":{"start":{"line":46,"column":2},"end":{"line":46,"column":8}},"loc":{"start":{"line":46,"column":47},"end":{"line":51,"column":3}}}},"branchMap":{"0":{"loc":{"start":{"line":12,"column":28},"end":{"line":12,"column":42}},"type":"default-arg","locations":[{"start":{"line":12,"column":37},"end":{"line":12,"column":42}}]},"1":{"loc":{"start":{"line":12,"column":44},"end":{"line":12,"column":77}},"type":"default-arg","locations":[{"start":{"line":12,"column":67},"end":{"line":12,"column":77}}]},"2":{"loc":{"start":{"line":13,"column":4},"end":{"line":15,"column":null}},"type":"if","locations":[{"start":{"line":13,"column":4},"end":{"line":15,"column":null}}]},"3":{"loc":{"start":{"line":17,"column":4},"end":{"line":19,"column":null}},"type":"if","locations":[{"start":{"line":17,"column":4},"end":{"line":19,"column":null}}]},"4":{"loc":{"start":{"line":20,"column":4},"end":{"line":23,"column":null}},"type":"if","locations":[{"start":{"line":20,"column":4},"end":{"line":23,"column":null}}]},"5":{"loc":{"start":{"line":31,"column":4},"end":{"line":37,"column":null}},"type":"if","locations":[{"start":{"line":31,"column":4},"end":{"line":37,"column":null}},{"start":{"line":34,"column":11},"end":{"line":37,"column":null}}]},"6":{"loc":{"start":{"line":39,"column":4},"end":{"line":41,"column":null}},"type":"if","locations":[{"start":{"line":39,"column":4},"end":{"line":41,"column":null}}]}},"s":{"0":1,"1":1,"2":1,"3":0,"4":0,"5":0,"6":0,"7":0,"8":0,"9":0,"10":0,"11":0,"12":0,"13":0,"14":0,"15":0,"16":0,"17":0,"18":0,"19":0,"20":0,"21":0,"22":0,"23":0,"24":1,"25":1},"f":{"0":0,"1":0,"2":0},"b":{"0":[0],"1":[0],"2":[0],"3":[0],"4":[0],"5":[0,0],"6":[0]}}
,"C:\\Users\\Core\\Desktop\\Stage 2\\eCommerce-Application\\src\\client\\validations\\validation-error\\login-form-errors.ts": {"path":"C:\\Users\\Core\\Desktop\\Stage 2\\eCommerce-Application\\src\\client\\validations\\validation-error\\login-form-errors.ts","statementMap":{"0":{"start":{"line":1,"column":0},"end":{"line":1,"column":50}},"1":{"start":{"line":13,"column":4},"end":{"line":13,"column":54}},"2":{"start":{"line":17,"column":4},"end":{"line":17,"column":57}},"3":{"start":{"line":21,"column":23},"end":{"line":21,"column":63}},"4":{"start":{"line":22,"column":4},"end":{"line":25,"column":null}},"5":{"start":{"line":23,"column":6},"end":{"line":23,"column":47}},"6":{"start":{"line":24,"column":6},"end":{"line":24,"column":50}},"7":{"start":{"line":29,"column":4},"end":{"line":29,"column":45}},"8":{"start":{"line":30,"column":4},"end":{"line":30,"column":48}},"9":{"start":{"line":31,"column":4},"end":{"line":31,"column":48}},"10":{"start":{"line":32,"column":4},"end":{"line":32,"column":51}},"11":{"start":{"line":33,"column":4},"end":{"line":33,"column":53}},"12":{"start":{"line":37,"column":26},"end":{"line":37,"column":69}},"13":{"start":{"line":38,"column":4},"end":{"line":41,"column":null}},"14":{"start":{"line":39,"column":6},"end":{"line":39,"column":50}},"15":{"start":{"line":40,"column":6},"end":{"line":40,"column":53}},"16":{"start":{"line":45,"column":4},"end":{"line":45,"column":null}},"17":{"start":{"line":49,"column":4},"end":{"line":49,"column":null}},"18":{"start":{"line":4,"column":9},"end":{"line":4,"column":49}},"19":{"start":{"line":6,"column":9},"end":{"line":6,"column":42}},"20":{"start":{"line":8,"column":9},"end":{"line":8,"column":48}},"21":{"start":{"line":10,"column":9},"end":{"line":10,"column":55}},"22":{"start":{"line":3,"column":21},"end":{"line":3,"column":36}}},"fnMap":{"0":{"name":"(anonymous_1)","decl":{"start":{"line":12,"column":2},"end":{"line":12,"column":8}},"loc":{"start":{"line":12,"column":37},"end":{"line":14,"column":3}}},"1":{"name":"(anonymous_2)","decl":{"start":{"line":16,"column":2},"end":{"line":16,"column":8}},"loc":{"start":{"line":16,"column":40},"end":{"line":18,"column":3}}},"2":{"name":"(anonymous_3)","decl":{"start":{"line":20,"column":2},"end":{"line":20,"column":8}},"loc":{"start":{"line":20,"column":21},"end":{"line":26,"column":3}}},"3":{"name":"(anonymous_4)","decl":{"start":{"line":28,"column":2},"end":{"line":28,"column":8}},"loc":{"start":{"line":28,"column":44},"end":{"line":34,"column":3}}},"4":{"name":"(anonymous_5)","decl":{"start":{"line":36,"column":2},"end":{"line":36,"column":8}},"loc":{"start":{"line":36,"column":24},"end":{"line":42,"column":3}}},"5":{"name":"(anonymous_6)","decl":{"start":{"line":44,"column":2},"end":{"line":44,"column":8}},"loc":{"start":{"line":44,"column":37},"end":{"line":46,"column":3}}},"6":{"name":"(anonymous_7)","decl":{"start":{"line":48,"column":2},"end":{"line":48,"column":8}},"loc":{"start":{"line":48,"column":40},"end":{"line":50,"column":3}}}},"branchMap":{"0":{"loc":{"start":{"line":22,"column":4},"end":{"line":25,"column":null}},"type":"if","locations":[{"start":{"line":22,"column":4},"end":{"line":25,"column":null}}]},"1":{"loc":{"start":{"line":38,"column":4},"end":{"line":41,"column":null}},"type":"if","locations":[{"start":{"line":38,"column":4},"end":{"line":41,"column":null}}]}},"s":{"0":1,"1":0,"2":0,"3":0,"4":0,"5":0,"6":0,"7":0,"8":0,"9":0,"10":0,"11":0,"12":0,"13":0,"14":0,"15":0,"16":0,"17":0,"18":1,"19":1,"20":1,"21":1,"22":1},"f":{"0":0,"1":0,"2":0,"3":0,"4":0,"5":0,"6":0},"b":{"0":[0],"1":[0]}}
,"C:\\Users\\Core\\Desktop\\Stage 2\\eCommerce-Application\\src\\client\\validations\\validation-error\\registration-form-error.ts": {"path":"C:\\Users\\Core\\Desktop\\Stage 2\\eCommerce-Application\\src\\client\\validations\\validation-error\\registration-form-error.ts","statementMap":{"0":{"start":{"line":1,"column":0},"end":{"line":1,"column":50}},"1":{"start":{"line":58,"column":4},"end":{"line":58,"column":53}},"2":{"start":{"line":62,"column":4},"end":{"line":62,"column":56}},"3":{"start":{"line":66,"column":4},"end":{"line":66,"column":58}},"4":{"start":{"line":70,"column":4},"end":{"line":70,"column":57}},"5":{"start":{"line":74,"column":4},"end":{"line":74,"column":51}},"6":{"start":{"line":78,"column":4},"end":{"line":82,"column":null}},"7":{"start":{"line":79,"column":4},"end":{"line":79,"column":54}},"8":{"start":{"line":81,"column":6},"end":{"line":81,"column":64}},"9":{"start":{"line":86,"column":4},"end":{"line":90,"column":null}},"10":{"start":{"line":87,"column":6},"end":{"line":87,"column":54}},"11":{"start":{"line":89,"column":6},"end":{"line":89,"column":62}},"12":{"start":{"line":95,"column":4},"end":{"line":99,"column":null}},"13":{"start":{"line":96,"column":6},"end":{"line":96,"column":61}},"14":{"start":{"line":98,"column":6},"end":{"line":98,"column":69}},"15":{"start":{"line":104,"column":4},"end":{"line":108,"column":null}},"16":{"start":{"line":105,"column":6},"end":{"line":105,"column":57}},"17":{"start":{"line":107,"column":6},"end":{"line":107,"column":65}},"18":{"start":{"line":113,"column":23},"end":{"line":113,"column":63}},"19":{"start":{"line":114,"column":4},"end":{"line":117,"column":null}},"20":{"start":{"line":115,"column":6},"end":{"line":115,"column":47}},"21":{"start":{"line":116,"column":6},"end":{"line":116,"column":50}},"22":{"start":{"line":121,"column":23},"end":{"line":121,"column":66}},"23":{"start":{"line":122,"column":4},"end":{"line":125,"column":null}},"24":{"start":{"line":123,"column":6},"end":{"line":123,"column":50}},"25":{"start":{"line":124,"column":6},"end":{"line":124,"column":53}},"26":{"start":{"line":129,"column":23},"end":{"line":129,"column":68}},"27":{"start":{"line":130,"column":4},"end":{"line":133,"column":null}},"28":{"start":{"line":131,"column":6},"end":{"line":131,"column":52}},"29":{"start":{"line":132,"column":6},"end":{"line":132,"column":55}},"30":{"start":{"line":137,"column":23},"end":{"line":137,"column":67}},"31":{"start":{"line":138,"column":4},"end":{"line":141,"column":null}},"32":{"start":{"line":139,"column":6},"end":{"line":139,"column":51}},"33":{"start":{"line":140,"column":6},"end":{"line":140,"column":54}},"34":{"start":{"line":145,"column":23},"end":{"line":145,"column":61}},"35":{"start":{"line":146,"column":4},"end":{"line":149,"column":null}},"36":{"start":{"line":147,"column":6},"end":{"line":147,"column":45}},"37":{"start":{"line":148,"column":6},"end":{"line":148,"column":48}},"38":{"start":{"line":154,"column":4},"end":{"line":158,"column":null}},"39":{"start":{"line":155,"column":6},"end":{"line":155,"column":62}},"40":{"start":{"line":157,"column":6},"end":{"line":157,"column":70}},"41":{"start":{"line":159,"column":4},"end":{"line":167,"column":null}},"42":{"start":{"line":160,"column":6},"end":{"line":166,"column":null}},"43":{"start":{"line":161,"column":8},"end":{"line":161,"column":50}},"44":{"start":{"line":162,"column":8},"end":{"line":162,"column":53}},"45":{"start":{"line":164,"column":8},"end":{"line":164,"column":58}},"46":{"start":{"line":165,"column":8},"end":{"line":165,"column":61}},"47":{"start":{"line":172,"column":4},"end":{"line":176,"column":null}},"48":{"start":{"line":173,"column":6},"end":{"line":173,"column":58}},"49":{"start":{"line":175,"column":6},"end":{"line":175,"column":66}},"50":{"start":{"line":177,"column":4},"end":{"line":185,"column":null}},"51":{"start":{"line":178,"column":6},"end":{"line":184,"column":null}},"52":{"start":{"line":179,"column":8},"end":{"line":179,"column":48}},"53":{"start":{"line":180,"column":8},"end":{"line":180,"column":51}},"54":{"start":{"line":182,"column":8},"end":{"line":182,"column":56}},"55":{"start":{"line":183,"column":8},"end":{"line":183,"column":59}},"56":{"start":{"line":190,"column":4},"end":{"line":194,"column":null}},"57":{"start":{"line":191,"column":6},"end":{"line":191,"column":67}},"58":{"start":{"line":193,"column":6},"end":{"line":193,"column":75}},"59":{"start":{"line":195,"column":4},"end":{"line":203,"column":null}},"60":{"start":{"line":196,"column":6},"end":{"line":202,"column":null}},"61":{"start":{"line":197,"column":8},"end":{"line":197,"column":53}},"62":{"start":{"line":198,"column":8},"end":{"line":198,"column":56}},"63":{"start":{"line":200,"column":8},"end":{"line":200,"column":61}},"64":{"start":{"line":201,"column":8},"end":{"line":201,"column":64}},"65":{"start":{"line":208,"column":4},"end":{"line":212,"column":null}},"66":{"start":{"line":209,"column":6},"end":{"line":209,"column":64}},"67":{"start":{"line":211,"column":6},"end":{"line":211,"column":72}},"68":{"start":{"line":213,"column":4},"end":{"line":221,"column":null}},"69":{"start":{"line":214,"column":6},"end":{"line":220,"column":null}},"70":{"start":{"line":215,"column":8},"end":{"line":215,"column":51}},"71":{"start":{"line":216,"column":8},"end":{"line":216,"column":54}},"72":{"start":{"line":218,"column":8},"end":{"line":218,"column":59}},"73":{"start":{"line":219,"column":8},"end":{"line":219,"column":62}},"74":{"start":{"line":232,"column":4},"end":{"line":232,"column":null}},"75":{"start":{"line":236,"column":4},"end":{"line":236,"column":null}},"76":{"start":{"line":240,"column":4},"end":{"line":240,"column":null}},"77":{"start":{"line":244,"column":4},"end":{"line":244,"column":null}},"78":{"start":{"line":248,"column":4},"end":{"line":248,"column":null}},"79":{"start":{"line":252,"column":4},"end":{"line":256,"column":null}},"80":{"start":{"line":253,"column":6},"end":{"line":253,"column":null}},"81":{"start":{"line":255,"column":6},"end":{"line":255,"column":null}},"82":{"start":{"line":261,"column":4},"end":{"line":265,"column":null}},"83":{"start":{"line":262,"column":6},"end":{"line":262,"column":null}},"84":{"start":{"line":264,"column":6},"end":{"line":264,"column":null}},"85":{"start":{"line":270,"column":4},"end":{"line":274,"column":null}},"86":{"start":{"line":271,"column":6},"end":{"line":271,"column":null}},"87":{"start":{"line":273,"column":6},"end":{"line":273,"column":null}},"88":{"start":{"line":279,"column":4},"end":{"line":283,"column":null}},"89":{"start":{"line":280,"column":6},"end":{"line":280,"column":null}},"90":{"start":{"line":282,"column":6},"end":{"line":282,"column":null}},"91":{"start":{"line":5,"column":9},"end":{"line":5,"column":45}},"92":{"start":{"line":7,"column":9},"end":{"line":7,"column":51}},"93":{"start":{"line":9,"column":9},"end":{"line":9,"column":55}},"94":{"start":{"line":11,"column":9},"end":{"line":11,"column":53}},"95":{"start":{"line":13,"column":9},"end":{"line":13,"column":48}},"96":{"start":{"line":15,"column":9},"end":{"line":15,"column":47}},"97":{"start":{"line":17,"column":9},"end":{"line":17,"column":63}},"98":{"start":{"line":19,"column":9},"end":{"line":19,"column":43}},"99":{"start":{"line":21,"column":9},"end":{"line":21,"column":59}},"100":{"start":{"line":23,"column":9},"end":{"line":23,"column":50}},"101":{"start":{"line":25,"column":9},"end":{"line":25,"column":66}},"102":{"start":{"line":27,"column":9},"end":{"line":27,"column":49}},"103":{"start":{"line":29,"column":9},"end":{"line":29,"column":65}},"104":{"start":{"line":31,"column":9},"end":{"line":31,"column":57}},"105":{"start":{"line":33,"column":9},"end":{"line":33,"column":63}},"106":{"start":{"line":35,"column":9},"end":{"line":35,"column":67}},"107":{"start":{"line":37,"column":9},"end":{"line":37,"column":65}},"108":{"start":{"line":39,"column":9},"end":{"line":39,"column":53}},"109":{"start":{"line":41,"column":9},"end":{"line":41,"column":59}},"110":{"start":{"line":43,"column":9},"end":{"line":43,"column":75}},"111":{"start":{"line":45,"column":9},"end":{"line":45,"column":55}},"112":{"start":{"line":47,"column":9},"end":{"line":47,"column":71}},"113":{"start":{"line":49,"column":9},"end":{"line":49,"column":69}},"114":{"start":{"line":51,"column":9},"end":{"line":51,"column":85}},"115":{"start":{"line":53,"column":9},"end":{"line":53,"column":61}},"116":{"start":{"line":55,"column":9},"end":{"line":55,"column":77}},"117":{"start":{"line":4,"column":21},"end":{"line":4,"column":44}}},"fnMap":{"0":{"name":"(anonymous_1)","decl":{"start":{"line":57,"column":2},"end":{"line":57,"column":8}},"loc":{"start":{"line":57,"column":46},"end":{"line":59,"column":3}}},"1":{"name":"(anonymous_2)","decl":{"start":{"line":61,"column":2},"end":{"line":61,"column":8}},"loc":{"start":{"line":61,"column":40},"end":{"line":63,"column":3}}},"2":{"name":"(anonymous_3)","decl":{"start":{"line":65,"column":2},"end":{"line":65,"column":8}},"loc":{"start":{"line":65,"column":41},"end":{"line":67,"column":3}}},"3":{"name":"(anonymous_4)","decl":{"start":{"line":69,"column":2},"end":{"line":69,"column":8}},"loc":{"start":{"line":69,"column":40},"end":{"line":71,"column":3}}},"4":{"name":"(anonymous_5)","decl":{"start":{"line":73,"column":2},"end":{"line":73,"column":8}},"loc":{"start":{"line":73,"column":35},"end":{"line":75,"column":3}}},"5":{"name":"(anonymous_6)","decl":{"start":{"line":77,"column":2},"end":{"line":77,"column":8}},"loc":{"start":{"line":77,"column":60},"end":{"line":83,"column":3}}},"6":{"name":"(anonymous_7)","decl":{"start":{"line":85,"column":2},"end":{"line":85,"column":8}},"loc":{"start":{"line":85,"column":58},"end":{"line":92,"column":3}}},"7":{"name":"(anonymous_8)","decl":{"start":{"line":94,"column":2},"end":{"line":94,"column":8}},"loc":{"start":{"line":94,"column":64},"end":{"line":101,"column":3}}},"8":{"name":"(anonymous_9)","decl":{"start":{"line":103,"column":2},"end":{"line":103,"column":8}},"loc":{"start":{"line":103,"column":61},"end":{"line":110,"column":3}}},"9":{"name":"(anonymous_10)","decl":{"start":{"line":112,"column":2},"end":{"line":112,"column":8}},"loc":{"start":{"line":112,"column":20},"end":{"line":118,"column":3}}},"10":{"name":"(anonymous_11)","decl":{"start":{"line":120,"column":2},"end":{"line":120,"column":8}},"loc":{"start":{"line":120,"column":24},"end":{"line":126,"column":3}}},"11":{"name":"(anonymous_12)","decl":{"start":{"line":128,"column":2},"end":{"line":128,"column":8}},"loc":{"start":{"line":128,"column":25},"end":{"line":134,"column":3}}},"12":{"name":"(anonymous_13)","decl":{"start":{"line":136,"column":2},"end":{"line":136,"column":8}},"loc":{"start":{"line":136,"column":24},"end":{"line":142,"column":3}}},"13":{"name":"(anonymous_14)","decl":{"start":{"line":144,"column":2},"end":{"line":144,"column":8}},"loc":{"start":{"line":144,"column":19},"end":{"line":150,"column":3}}},"14":{"name":"(anonymous_15)","decl":{"start":{"line":152,"column":2},"end":{"line":152,"column":8}},"loc":{"start":{"line":152,"column":56},"end":{"line":168,"column":3}}},"15":{"name":"(anonymous_16)","decl":{"start":{"line":170,"column":2},"end":{"line":170,"column":8}},"loc":{"start":{"line":170,"column":54},"end":{"line":186,"column":3}}},"16":{"name":"(anonymous_17)","decl":{"start":{"line":188,"column":2},"end":{"line":188,"column":8}},"loc":{"start":{"line":188,"column":58},"end":{"line":204,"column":3}}},"17":{"name":"(anonymous_18)","decl":{"start":{"line":206,"column":2},"end":{"line":206,"column":8}},"loc":{"start":{"line":206,"column":57},"end":{"line":222,"column":3}}},"18":{"name":"(anonymous_19)","decl":{"start":{"line":231,"column":2},"end":{"line":231,"column":8}},"loc":{"start":{"line":231,"column":37},"end":{"line":233,"column":3}}},"19":{"name":"(anonymous_20)","decl":{"start":{"line":235,"column":2},"end":{"line":235,"column":8}},"loc":{"start":{"line":235,"column":40},"end":{"line":237,"column":3}}},"20":{"name":"(anonymous_21)","decl":{"start":{"line":239,"column":2},"end":{"line":239,"column":8}},"loc":{"start":{"line":239,"column":41},"end":{"line":241,"column":3}}},"21":{"name":"(anonymous_22)","decl":{"start":{"line":243,"column":2},"end":{"line":243,"column":8}},"loc":{"start":{"line":243,"column":40},"end":{"line":245,"column":3}}},"22":{"name":"(anonymous_23)","decl":{"start":{"line":247,"column":2},"end":{"line":247,"column":8}},"loc":{"start":{"line":247,"column":35},"end":{"line":249,"column":3}}},"23":{"name":"(anonymous_24)","decl":{"start":{"line":251,"column":2},"end":{"line":251,"column":8}},"loc":{"start":{"line":251,"column":59},"end":{"line":258,"column":3}}},"24":{"name":"(anonymous_25)","decl":{"start":{"line":260,"column":2},"end":{"line":260,"column":8}},"loc":{"start":{"line":260,"column":57},"end":{"line":267,"column":3}}},"25":{"name":"(anonymous_26)","decl":{"start":{"line":269,"column":2},"end":{"line":269,"column":8}},"loc":{"start":{"line":269,"column":61},"end":{"line":276,"column":3}}},"26":{"name":"(anonymous_27)","decl":{"start":{"line":278,"column":2},"end":{"line":278,"column":8}},"loc":{"start":{"line":278,"column":60},"end":{"line":285,"column":3}}}},"branchMap":{"0":{"loc":{"start":{"line":78,"column":4},"end":{"line":82,"column":null}},"type":"if","locations":[{"start":{"line":78,"column":4},"end":{"line":82,"column":null}},{"start":{"line":80,"column":9},"end":{"line":82,"column":null}}]},"1":{"loc":{"start":{"line":86,"column":4},"end":{"line":90,"column":null}},"type":"if","locations":[{"start":{"line":86,"column":4},"end":{"line":90,"column":null}},{"start":{"line":88,"column":11},"end":{"line":90,"column":null}}]},"2":{"loc":{"start":{"line":95,"column":4},"end":{"line":99,"column":null}},"type":"if","locations":[{"start":{"line":95,"column":4},"end":{"line":99,"column":null}},{"start":{"line":97,"column":11},"end":{"line":99,"column":null}}]},"3":{"loc":{"start":{"line":104,"column":4},"end":{"line":108,"column":null}},"type":"if","locations":[{"start":{"line":104,"column":4},"end":{"line":108,"column":null}},{"start":{"line":106,"column":11},"end":{"line":108,"column":null}}]},"4":{"loc":{"start":{"line":114,"column":4},"end":{"line":117,"column":null}},"type":"if","locations":[{"start":{"line":114,"column":4},"end":{"line":117,"column":null}}]},"5":{"loc":{"start":{"line":122,"column":4},"end":{"line":125,"column":null}},"type":"if","locations":[{"start":{"line":122,"column":4},"end":{"line":125,"column":null}}]},"6":{"loc":{"start":{"line":130,"column":4},"end":{"line":133,"column":null}},"type":"if","locations":[{"start":{"line":130,"column":4},"end":{"line":133,"column":null}}]},"7":{"loc":{"start":{"line":138,"column":4},"end":{"line":141,"column":null}},"type":"if","locations":[{"start":{"line":138,"column":4},"end":{"line":141,"column":null}}]},"8":{"loc":{"start":{"line":146,"column":4},"end":{"line":149,"column":null}},"type":"if","locations":[{"start":{"line":146,"column":4},"end":{"line":149,"column":null}}]},"9":{"loc":{"start":{"line":152,"column":23},"end":{"line":152,"column":56}},"type":"default-arg","locations":[{"start":{"line":152,"column":46},"end":{"line":152,"column":56}}]},"10":{"loc":{"start":{"line":154,"column":4},"end":{"line":158,"column":null}},"type":"if","locations":[{"start":{"line":154,"column":4},"end":{"line":158,"column":null}},{"start":{"line":156,"column":11},"end":{"line":158,"column":null}}]},"11":{"loc":{"start":{"line":159,"column":4},"end":{"line":167,"column":null}},"type":"if","locations":[{"start":{"line":159,"column":4},"end":{"line":167,"column":null}}]},"12":{"loc":{"start":{"line":160,"column":6},"end":{"line":166,"column":null}},"type":"if","locations":[{"start":{"line":160,"column":6},"end":{"line":166,"column":null}},{"start":{"line":163,"column":12},"end":{"line":166,"column":null}}]},"13":{"loc":{"start":{"line":170,"column":21},"end":{"line":170,"column":54}},"type":"default-arg","locations":[{"start":{"line":170,"column":44},"end":{"line":170,"column":54}}]},"14":{"loc":{"start":{"line":172,"column":4},"end":{"line":176,"column":null}},"type":"if","locations":[{"start":{"line":172,"column":4},"end":{"line":176,"column":null}},{"start":{"line":174,"column":11},"end":{"line":176,"column":null}}]},"15":{"loc":{"start":{"line":177,"column":4},"end":{"line":185,"column":null}},"type":"if","locations":[{"start":{"line":177,"column":4},"end":{"line":185,"column":null}}]},"16":{"loc":{"start":{"line":178,"column":6},"end":{"line":184,"column":null}},"type":"if","locations":[{"start":{"line":178,"column":6},"end":{"line":184,"column":null}},{"start":{"line":181,"column":13},"end":{"line":184,"column":null}}]},"17":{"loc":{"start":{"line":188,"column":25},"end":{"line":188,"column":58}},"type":"default-arg","locations":[{"start":{"line":188,"column":48},"end":{"line":188,"column":58}}]},"18":{"loc":{"start":{"line":190,"column":4},"end":{"line":194,"column":null}},"type":"if","locations":[{"start":{"line":190,"column":4},"end":{"line":194,"column":null}},{"start":{"line":192,"column":10},"end":{"line":194,"column":null}}]},"19":{"loc":{"start":{"line":195,"column":4},"end":{"line":203,"column":null}},"type":"if","locations":[{"start":{"line":195,"column":4},"end":{"line":203,"column":null}}]},"20":{"loc":{"start":{"line":196,"column":6},"end":{"line":202,"column":null}},"type":"if","locations":[{"start":{"line":196,"column":6},"end":{"line":202,"column":null}},{"start":{"line":199,"column":13},"end":{"line":202,"column":null}}]},"21":{"loc":{"start":{"line":206,"column":24},"end":{"line":206,"column":57}},"type":"default-arg","locations":[{"start":{"line":206,"column":47},"end":{"line":206,"column":57}}]},"22":{"loc":{"start":{"line":208,"column":4},"end":{"line":212,"column":null}},"type":"if","locations":[{"start":{"line":208,"column":4},"end":{"line":212,"column":null}},{"start":{"line":210,"column":10},"end":{"line":212,"column":null}}]},"23":{"loc":{"start":{"line":213,"column":4},"end":{"line":221,"column":null}},"type":"if","locations":[{"start":{"line":213,"column":4},"end":{"line":221,"column":null}}]},"24":{"loc":{"start":{"line":214,"column":6},"end":{"line":220,"column":null}},"type":"if","locations":[{"start":{"line":214,"column":6},"end":{"line":220,"column":null}},{"start":{"line":217,"column":13},"end":{"line":220,"column":null}}]},"25":{"loc":{"start":{"line":252,"column":4},"end":{"line":256,"column":null}},"type":"if","locations":[{"start":{"line":252,"column":4},"end":{"line":256,"column":null}},{"start":{"line":254,"column":10},"end":{"line":256,"column":null}}]},"26":{"loc":{"start":{"line":261,"column":4},"end":{"line":265,"column":null}},"type":"if","locations":[{"start":{"line":261,"column":4},"end":{"line":265,"column":null}},{"start":{"line":263,"column":11},"end":{"line":265,"column":null}}]},"27":{"loc":{"start":{"line":270,"column":4},"end":{"line":274,"column":null}},"type":"if","locations":[{"start":{"line":270,"column":4},"end":{"line":274,"column":null}},{"start":{"line":272,"column":11},"end":{"line":274,"column":null}}]},"28":{"loc":{"start":{"line":279,"column":4},"end":{"line":283,"column":null}},"type":"if","locations":[{"start":{"line":279,"column":4},"end":{"line":283,"column":null}},{"start":{"line":281,"column":11},"end":{"line":283,"column":null}}]}},"s":{"0":7,"1":0,"2":0,"3":0,"4":0,"5":0,"6":0,"7":0,"8":0,"9":0,"10":0,"11":0,"12":0,"13":0,"14":0,"15":0,"16":0,"17":0,"18":0,"19":0,"20":0,"21":0,"22":0,"23":0,"24":0,"25":0,"26":0,"27":0,"28":0,"29":0,"30":0,"31":0,"32":0,"33":0,"34":0,"35":0,"36":0,"37":0,"38":0,"39":0,"40":0,"41":0,"42":0,"43":0,"44":0,"45":0,"46":0,"47":0,"48":0,"49":0,"50":0,"51":0,"52":0,"53":0,"54":0,"55":0,"56":0,"57":0,"58":0,"59":0,"60":0,"61":0,"62":0,"63":0,"64":0,"65":0,"66":0,"67":0,"68":0,"69":0,"70":0,"71":0,"72":0,"73":0,"74":0,"75":0,"76":0,"77":0,"78":0,"79":0,"80":0,"81":0,"82":0,"83":0,"84":0,"85":0,"86":0,"87":0,"88":0,"89":0,"90":0,"91":7,"92":7,"93":7,"94":7,"95":7,"96":7,"97":7,"98":7,"99":7,"100":7,"101":7,"102":7,"103":7,"104":7,"105":7,"106":7,"107":7,"108":7,"109":7,"110":7,"111":7,"112":7,"113":7,"114":7,"115":7,"116":7,"117":7},"f":{"0":0,"1":0,"2":0,"3":0,"4":0,"5":0,"6":0,"7":0,"8":0,"9":0,"10":0,"11":0,"12":0,"13":0,"14":0,"15":0,"16":0,"17":0,"18":0,"19":0,"20":0,"21":0,"22":0,"23":0,"24":0,"25":0,"26":0},"b":{"0":[0,0],"1":[0,0],"2":[0,0],"3":[0,0],"4":[0],"5":[0],"6":[0],"7":[0],"8":[0],"9":[0],"10":[0,0],"11":[0],"12":[0,0],"13":[0],"14":[0,0],"15":[0],"16":[0,0],"17":[0],"18":[0,0],"19":[0],"20":[0,0],"21":[0],"22":[0,0],"23":[0],"24":[0,0],"25":[0,0],"26":[0,0],"27":[0,0],"28":[0,0]}}
,"C:\\Users\\Core\\Desktop\\Stage 2\\eCommerce-Application\\src\\client\\validations\\validation-error\\validation-errors.ts": {"path":"C:\\Users\\Core\\Desktop\\Stage 2\\eCommerce-Application\\src\\client\\validations\\validation-error\\validation-errors.ts","statementMap":{"0":{"start":{"line":3,"column":22},"end":{"line":3,"column":59}},"1":{"start":{"line":4,"column":4},"end":{"line":6,"column":null}},"2":{"start":{"line":5,"column":6},"end":{"line":5,"column":null}},"3":{"start":{"line":7,"column":4},"end":{"line":22,"column":null}},"4":{"start":{"line":8,"column":6},"end":{"line":8,"column":null}},"5":{"start":{"line":9,"column":6},"end":{"line":21,"column":null}},"6":{"start":{"line":10,"column":8},"end":{"line":15,"column":11}},"7":{"start":{"line":11,"column":31},"end":{"line":11,"column":59}},"8":{"start":{"line":12,"column":10},"end":{"line":12,"column":57}},"9":{"start":{"line":13,"column":10},"end":{"line":13,"column":42}},"10":{"start":{"line":14,"column":10},"end":{"line":14,"column":41}},"11":{"start":{"line":17,"column":29},"end":{"line":17,"column":57}},"12":{"start":{"line":18,"column":8},"end":{"line":18,"column":55}},"13":{"start":{"line":19,"column":8},"end":{"line":19,"column":42}},"14":{"start":{"line":20,"column":8},"end":{"line":20,"column":39}},"15":{"start":{"line":26,"column":22},"end":{"line":26,"column":60}},"16":{"start":{"line":27,"column":4},"end":{"line":29,"column":null}},"17":{"start":{"line":28,"column":6},"end":{"line":28,"column":null}},"18":{"start":{"line":30,"column":4},"end":{"line":45,"column":null}},"19":{"start":{"line":31,"column":6},"end":{"line":31,"column":null}},"20":{"start":{"line":32,"column":6},"end":{"line":44,"column":null}},"21":{"start":{"line":33,"column":8},"end":{"line":38,"column":11}},"22":{"start":{"line":34,"column":31},"end":{"line":34,"column":59}},"23":{"start":{"line":35,"column":10},"end":{"line":35,"column":57}},"24":{"start":{"line":36,"column":10},"end":{"line":36,"column":42}},"25":{"start":{"line":37,"column":10},"end":{"line":37,"column":41}},"26":{"start":{"line":40,"column":29},"end":{"line":40,"column":57}},"27":{"start":{"line":41,"column":8},"end":{"line":41,"column":55}},"28":{"start":{"line":42,"column":8},"end":{"line":42,"column":42}},"29":{"start":{"line":43,"column":8},"end":{"line":43,"column":39}},"30":{"start":{"line":49,"column":22},"end":{"line":49,"column":59}},"31":{"start":{"line":50,"column":4},"end":{"line":52,"column":null}},"32":{"start":{"line":51,"column":6},"end":{"line":51,"column":31}},"33":{"start":{"line":56,"column":22},"end":{"line":56,"column":60}},"34":{"start":{"line":57,"column":4},"end":{"line":59,"column":null}},"35":{"start":{"line":58,"column":6},"end":{"line":58,"column":31}},"36":{"start":{"line":63,"column":23},"end":{"line":63,"column":59}},"37":{"start":{"line":64,"column":4},"end":{"line":69,"column":null}},"38":{"start":{"line":65,"column":6},"end":{"line":65,"column":46}},"39":{"start":{"line":66,"column":6},"end":{"line":68,"column":null}},"40":{"start":{"line":67,"column":8},"end":{"line":67,"column":51}},"41":{"start":{"line":73,"column":25},"end":{"line":73,"column":54}},"42":{"start":{"line":74,"column":4},"end":{"line":77,"column":null}},"43":{"start":{"line":75,"column":6},"end":{"line":76,"column":50}},"44":{"start":{"line":76,"column":6},"end":{"line":76,"column":50}},"45":{"start":{"line":81,"column":25},"end":{"line":81,"column":54}},"46":{"start":{"line":82,"column":4},"end":{"line":86,"column":null}},"47":{"start":{"line":83,"column":6},"end":{"line":85,"column":null}},"48":{"start":{"line":84,"column":8},"end":{"line":84,"column":55}},"49":{"start":{"line":90,"column":27},"end":{"line":90,"column":52}},"50":{"start":{"line":91,"column":6},"end":{"line":95,"column":null}},"51":{"start":{"line":92,"column":8},"end":{"line":94,"column":null}},"52":{"start":{"line":93,"column":10},"end":{"line":93,"column":57}},"53":{"start":{"line":1,"column":0},"end":{"line":1,"column":21}}},"fnMap":{"0":{"name":"(anonymous_0)","decl":{"start":{"line":2,"column":2},"end":{"line":2,"column":8}},"loc":{"start":{"line":2,"column":69},"end":{"line":23,"column":3}}},"1":{"name":"(anonymous_1)","decl":{"start":{"line":10,"column":23},"end":{"line":10,"column":24}},"loc":{"start":{"line":10,"column":32},"end":{"line":15,"column":9}}},"2":{"name":"(anonymous_2)","decl":{"start":{"line":25,"column":2},"end":{"line":25,"column":8}},"loc":{"start":{"line":25,"column":105},"end":{"line":46,"column":3}}},"3":{"name":"(anonymous_3)","decl":{"start":{"line":33,"column":23},"end":{"line":33,"column":24}},"loc":{"start":{"line":33,"column":32},"end":{"line":38,"column":9}}},"4":{"name":"(anonymous_4)","decl":{"start":{"line":48,"column":2},"end":{"line":48,"column":8}},"loc":{"start":{"line":48,"column":46},"end":{"line":53,"column":3}}},"5":{"name":"(anonymous_5)","decl":{"start":{"line":55,"column":2},"end":{"line":55,"column":8}},"loc":{"start":{"line":55,"column":82},"end":{"line":60,"column":3}}},"6":{"name":"(anonymous_6)","decl":{"start":{"line":62,"column":2},"end":{"line":62,"column":8}},"loc":{"start":{"line":62,"column":47},"end":{"line":70,"column":3}}},"7":{"name":"(anonymous_7)","decl":{"start":{"line":66,"column":17},"end":{"line":66,"column":20}},"loc":{"start":{"line":66,"column":22},"end":{"line":68,"column":7}}},"8":{"name":"(anonymous_8)","decl":{"start":{"line":72,"column":2},"end":{"line":72,"column":8}},"loc":{"start":{"line":72,"column":43},"end":{"line":78,"column":3}}},"9":{"name":"(anonymous_9)","decl":{"start":{"line":80,"column":2},"end":{"line":80,"column":8}},"loc":{"start":{"line":80,"column":45},"end":{"line":87,"column":5}}},"10":{"name":"(anonymous_10)","decl":{"start":{"line":89,"column":4},"end":{"line":89,"column":10}},"loc":{"start":{"line":89,"column":77},"end":{"line":96,"column":7}}}},"branchMap":{"0":{"loc":{"start":{"line":4,"column":4},"end":{"line":6,"column":null}},"type":"if","locations":[{"start":{"line":4,"column":4},"end":{"line":6,"column":null}}]},"1":{"loc":{"start":{"line":7,"column":4},"end":{"line":22,"column":null}},"type":"if","locations":[{"start":{"line":7,"column":4},"end":{"line":22,"column":null}}]},"2":{"loc":{"start":{"line":9,"column":6},"end":{"line":21,"column":null}},"type":"if","locations":[{"start":{"line":9,"column":6},"end":{"line":21,"column":null}},{"start":{"line":16,"column":13},"end":{"line":21,"column":null}}]},"3":{"loc":{"start":{"line":27,"column":4},"end":{"line":29,"column":null}},"type":"if","locations":[{"start":{"line":27,"column":4},"end":{"line":29,"column":null}}]},"4":{"loc":{"start":{"line":30,"column":4},"end":{"line":45,"column":null}},"type":"if","locations":[{"start":{"line":30,"column":4},"end":{"line":45,"column":null}}]},"5":{"loc":{"start":{"line":32,"column":6},"end":{"line":44,"column":null}},"type":"if","locations":[{"start":{"line":32,"column":6},"end":{"line":44,"column":null}},{"start":{"line":39,"column":13},"end":{"line":44,"column":null}}]},"6":{"loc":{"start":{"line":50,"column":4},"end":{"line":52,"column":null}},"type":"if","locations":[{"start":{"line":50,"column":4},"end":{"line":52,"column":null}}]},"7":{"loc":{"start":{"line":57,"column":4},"end":{"line":59,"column":null}},"type":"if","locations":[{"start":{"line":57,"column":4},"end":{"line":59,"column":null}}]},"8":{"loc":{"start":{"line":64,"column":4},"end":{"line":69,"column":null}},"type":"if","locations":[{"start":{"line":64,"column":4},"end":{"line":69,"column":null}}]},"9":{"loc":{"start":{"line":74,"column":4},"end":{"line":77,"column":null}},"type":"if","locations":[{"start":{"line":74,"column":4},"end":{"line":77,"column":null}}]},"10":{"loc":{"start":{"line":75,"column":6},"end":{"line":76,"column":50}},"type":"if","locations":[{"start":{"line":75,"column":6},"end":{"line":76,"column":50}}]},"11":{"loc":{"start":{"line":82,"column":4},"end":{"line":86,"column":null}},"type":"if","locations":[{"start":{"line":82,"column":4},"end":{"line":86,"column":null}}]},"12":{"loc":{"start":{"line":83,"column":6},"end":{"line":85,"column":null}},"type":"if","locations":[{"start":{"line":83,"column":6},"end":{"line":85,"column":null}}]},"13":{"loc":{"start":{"line":91,"column":6},"end":{"line":95,"column":null}},"type":"if","locations":[{"start":{"line":91,"column":6},"end":{"line":95,"column":null}}]},"14":{"loc":{"start":{"line":92,"column":8},"end":{"line":94,"column":null}},"type":"if","locations":[{"start":{"line":92,"column":8},"end":{"line":94,"column":null}}]}},"s":{"0":0,"1":0,"2":0,"3":0,"4":0,"5":0,"6":0,"7":0,"8":0,"9":0,"10":0,"11":0,"12":0,"13":0,"14":0,"15":0,"16":0,"17":0,"18":0,"19":0,"20":0,"21":0,"22":0,"23":0,"24":0,"25":0,"26":0,"27":0,"28":0,"29":0,"30":0,"31":0,"32":0,"33":0,"34":0,"35":0,"36":0,"37":0,"38":0,"39":0,"40":0,"41":0,"42":0,"43":0,"44":0,"45":0,"46":0,"47":0,"48":0,"49":0,"50":0,"51":0,"52":0,"53":8},"f":{"0":0,"1":0,"2":0,"3":0,"4":0,"5":0,"6":0,"7":0,"8":0,"9":0,"10":0},"b":{"0":[0],"1":[0],"2":[0,0],"3":[0],"4":[0],"5":[0,0],"6":[0],"7":[0],"8":[0],"9":[0],"10":[0],"11":[0],"12":[0],"13":[0],"14":[0]}}
,"C:\\Users\\Core\\Desktop\\Stage 2\\eCommerce-Application\\src\\components\\forms\\registration-form\\countries.ts": {"path":"C:\\Users\\Core\\Desktop\\Stage 2\\eCommerce-Application\\src\\components\\forms\\registration-form\\countries.ts","statementMap":{"0":{"start":{"line":5,"column":13},"end":{"line":10,"column":2}},"1":{"start":{"line":11,"column":0},"end":{"line":11,"column":29}}},"fnMap":{},"branchMap":{},"s":{"0":6,"1":6},"f":{},"b":{}}
,"C:\\Users\\Core\\Desktop\\Stage 2\\eCommerce-Application\\src\\components\\spinner\\spinner.ts": {"path":"C:\\Users\\Core\\Desktop\\Stage 2\\eCommerce-Application\\src\\components\\spinner\\spinner.ts","statementMap":{"0":{"start":{"line":4,"column":24},"end":{"line":4,"column":39}},"1":{"start":{"line":4,"column":51},"end":{"line":4,"column":67}},"2":{"start":{"line":5,"column":8},"end":{"line":5,"column":36}},"3":{"start":{"line":9,"column":33},"end":{"line":9,"column":62}},"4":{"start":{"line":10,"column":8},"end":{"line":10,"column":48}},"5":{"start":{"line":11,"column":8},"end":{"line":11,"column":57}},"6":{"start":{"line":12,"column":8},"end":{"line":12,"column":53}},"7":{"start":{"line":13,"column":8},"end":{"line":13,"column":46}},"8":{"start":{"line":14,"column":8},"end":{"line":14,"column":47}},"9":{"start":{"line":15,"column":8},"end":{"line":15,"column":null}},"10":{"start":{"line":16,"column":8},"end":{"line":16,"column":null}},"11":{"start":{"line":17,"column":8},"end":{"line":17,"column":null}},"12":{"start":{"line":20,"column":31},"end":{"line":20,"column":60}},"13":{"start":{"line":21,"column":8},"end":{"line":21,"column":54}},"14":{"start":{"line":22,"column":8},"end":{"line":22,"column":55}},"15":{"start":{"line":23,"column":8},"end":{"line":23,"column":64}},"16":{"start":{"line":24,"column":8},"end":{"line":24,"column":50}},"17":{"start":{"line":25,"column":8},"end":{"line":25,"column":65}},"18":{"start":{"line":26,"column":8},"end":{"line":26,"column":67}},"19":{"start":{"line":29,"column":8},"end":{"line":29,"column":53}},"20":{"start":{"line":31,"column":8},"end":{"line":31,"column":47}},"21":{"start":{"line":35,"column":8},"end":{"line":35,"column":55}},"22":{"start":{"line":39,"column":8},"end":{"line":41,"column":null}},"23":{"start":{"line":40,"column":12},"end":{"line":40,"column":76}},"24":{"start":{"line":1,"column":0},"end":{"line":1,"column":21}}},"fnMap":{"0":{"name":"(anonymous_0)","decl":{"start":{"line":4,"column":4},"end":{"line":4,"column":24}},"loc":{"start":{"line":4,"column":87},"end":{"line":6,"column":5}}},"1":{"name":"(anonymous_1)","decl":{"start":{"line":8,"column":12},"end":{"line":8,"column":32}},"loc":{"start":{"line":8,"column":32},"end":{"line":32,"column":5}}},"2":{"name":"(anonymous_2)","decl":{"start":{"line":34,"column":11},"end":{"line":34,"column":15}},"loc":{"start":{"line":34,"column":42},"end":{"line":36,"column":5}}},"3":{"name":"(anonymous_3)","decl":{"start":{"line":38,"column":11},"end":{"line":38,"column":15}},"loc":{"start":{"line":38,"column":15},"end":{"line":42,"column":5}}}},"branchMap":{"0":{"loc":{"start":{"line":4,"column":24},"end":{"line":4,"column":41}},"type":"default-arg","locations":[{"start":{"line":4,"column":39},"end":{"line":4,"column":41}}]},"1":{"loc":{"start":{"line":4,"column":51},"end":{"line":4,"column":87}},"type":"default-arg","locations":[{"start":{"line":4,"column":67},"end":{"line":4,"column":87}}]},"2":{"loc":{"start":{"line":39,"column":8},"end":{"line":41,"column":null}},"type":"if","locations":[{"start":{"line":39,"column":8},"end":{"line":41,"column":null}}]}},"s":{"0":5,"1":5,"2":5,"3":5,"4":5,"5":5,"6":5,"7":5,"8":5,"9":5,"10":5,"11":5,"12":5,"13":5,"14":5,"15":5,"16":5,"17":5,"18":5,"19":5,"20":5,"21":2,"22":5,"23":2,"24":1},"f":{"0":5,"1":5,"2":2,"3":5},"b":{"0":[4],"1":[4],"2":[2]}}
,"C:\\Users\\Core\\Desktop\\Stage 2\\eCommerce-Application\\src\\helpers\\document-data-fetcher.ts": {"path":"C:\\Users\\Core\\Desktop\\Stage 2\\eCommerce-Application\\src\\helpers\\document-data-fetcher.ts","statementMap":{"0":{"start":{"line":1,"column":0},"end":{"line":1,"column":76}},"1":{"start":{"line":5,"column":17},"end":{"line":5,"column":72}},"2":{"start":{"line":6,"column":4},"end":{"line":8,"column":null}},"3":{"start":{"line":7,"column":6},"end":{"line":7,"column":24}},"4":{"start":{"line":9,"column":4},"end":{"line":9,"column":14}},"5":{"start":{"line":13,"column":17},"end":{"line":13,"column":72}},"6":{"start":{"line":14,"column":4},"end":{"line":16,"column":null}},"7":{"start":{"line":15,"column":6},"end":{"line":15,"column":26}},"8":{"start":{"line":17,"column":4},"end":{"line":17,"column":17}},"9":{"start":{"line":21,"column":4},"end":{"line":21,"column":56}},"10":{"start":{"line":25,"column":4},"end":{"line":25,"column":53}},"11":{"start":{"line":29,"column":4},"end":{"line":29,"column":56}},"12":{"start":{"line":33,"column":4},"end":{"line":33,"column":59}},"13":{"start":{"line":37,"column":4},"end":{"line":37,"column":61}},"14":{"start":{"line":41,"column":4},"end":{"line":41,"column":60}},"15":{"start":{"line":46,"column":4},"end":{"line":46,"column":61}},"16":{"start":{"line":50,"column":4},"end":{"line":50,"column":57}},"17":{"start":{"line":54,"column":4},"end":{"line":54,"column":55}},"18":{"start":{"line":58,"column":4},"end":{"line":58,"column":57}},"19":{"start":{"line":62,"column":25},"end":{"line":62,"column":71}},"20":{"start":{"line":63,"column":4},"end":{"line":63,"column":35}},"21":{"start":{"line":67,"column":4},"end":{"line":67,"column":69}},"22":{"start":{"line":71,"column":4},"end":{"line":71,"column":61}},"23":{"start":{"line":75,"column":4},"end":{"line":75,"column":65}},"24":{"start":{"line":79,"column":4},"end":{"line":79,"column":63}},"25":{"start":{"line":83,"column":4},"end":{"line":83,"column":65}},"26":{"start":{"line":87,"column":25},"end":{"line":87,"column":79}},"27":{"start":{"line":88,"column":4},"end":{"line":88,"column":35}},"28":{"start":{"line":92,"column":4},"end":{"line":92,"column":78}},"29":{"start":{"line":96,"column":4},"end":{"line":96,"column":47}},"30":{"start":{"line":100,"column":4},"end":{"line":100,"column":50}},"31":{"start":{"line":104,"column":4},"end":{"line":104,"column":52}},"32":{"start":{"line":108,"column":4},"end":{"line":108,"column":51}},"33":{"start":{"line":113,"column":4},"end":{"line":113,"column":52}},"34":{"start":{"line":117,"column":25},"end":{"line":117,"column":80}},"35":{"start":{"line":118,"column":22},"end":{"line":118,"column":46}},"36":{"start":{"line":119,"column":4},"end":{"line":119,"column":null}},"37":{"start":{"line":3,"column":0},"end":{"line":3,"column":21}}},"fnMap":{"0":{"name":"(anonymous_0)","decl":{"start":{"line":4,"column":2},"end":{"line":4,"column":8}},"loc":{"start":{"line":4,"column":45},"end":{"line":10,"column":3}}},"1":{"name":"(anonymous_1)","decl":{"start":{"line":12,"column":2},"end":{"line":12,"column":8}},"loc":{"start":{"line":12,"column":53},"end":{"line":18,"column":3}}},"2":{"name":"(anonymous_2)","decl":{"start":{"line":20,"column":2},"end":{"line":20,"column":8}},"loc":{"start":{"line":20,"column":33},"end":{"line":22,"column":3}}},"3":{"name":"(anonymous_3)","decl":{"start":{"line":24,"column":2},"end":{"line":24,"column":8}},"loc":{"start":{"line":24,"column":29},"end":{"line":26,"column":3}}},"4":{"name":"(anonymous_4)","decl":{"start":{"line":28,"column":2},"end":{"line":28,"column":8}},"loc":{"start":{"line":28,"column":36},"end":{"line":30,"column":3}}},"5":{"name":"(anonymous_5)","decl":{"start":{"line":32,"column":2},"end":{"line":32,"column":8}},"loc":{"start":{"line":32,"column":40},"end":{"line":34,"column":3}}},"6":{"name":"(anonymous_6)","decl":{"start":{"line":36,"column":2},"end":{"line":36,"column":8}},"loc":{"start":{"line":36,"column":37},"end":{"line":38,"column":3}}},"7":{"name":"(anonymous_7)","decl":{"start":{"line":40,"column":2},"end":{"line":40,"column":8}},"loc":{"start":{"line":40,"column":36},"end":{"line":42,"column":3}}},"8":{"name":"(anonymous_8)","decl":{"start":{"line":45,"column":2},"end":{"line":45,"column":8}},"loc":{"start":{"line":45,"column":40},"end":{"line":47,"column":3}}},"9":{"name":"(anonymous_9)","decl":{"start":{"line":49,"column":2},"end":{"line":49,"column":8}},"loc":{"start":{"line":49,"column":34},"end":{"line":51,"column":3}}},"10":{"name":"(anonymous_10)","decl":{"start":{"line":53,"column":2},"end":{"line":53,"column":8}},"loc":{"start":{"line":53,"column":32},"end":{"line":55,"column":3}}},"11":{"name":"(anonymous_11)","decl":{"start":{"line":57,"column":2},"end":{"line":57,"column":8}},"loc":{"start":{"line":57,"column":38},"end":{"line":59,"column":3}}},"12":{"name":"(anonymous_12)","decl":{"start":{"line":61,"column":2},"end":{"line":61,"column":8}},"loc":{"start":{"line":61,"column":35},"end":{"line":64,"column":3}}},"13":{"name":"(anonymous_13)","decl":{"start":{"line":66,"column":2},"end":{"line":66,"column":8}},"loc":{"start":{"line":66,"column":42},"end":{"line":68,"column":3}}},"14":{"name":"(anonymous_14)","decl":{"start":{"line":70,"column":2},"end":{"line":70,"column":8}},"loc":{"start":{"line":70,"column":41},"end":{"line":72,"column":3}}},"15":{"name":"(anonymous_15)","decl":{"start":{"line":74,"column":2},"end":{"line":74,"column":8}},"loc":{"start":{"line":74,"column":41},"end":{"line":76,"column":3}}},"16":{"name":"(anonymous_16)","decl":{"start":{"line":78,"column":2},"end":{"line":78,"column":8}},"loc":{"start":{"line":78,"column":39},"end":{"line":80,"column":3}}},"17":{"name":"(anonymous_17)","decl":{"start":{"line":82,"column":2},"end":{"line":82,"column":8}},"loc":{"start":{"line":82,"column":45},"end":{"line":84,"column":3}}},"18":{"name":"(anonymous_18)","decl":{"start":{"line":86,"column":2},"end":{"line":86,"column":8}},"loc":{"start":{"line":86,"column":42},"end":{"line":89,"column":3}}},"19":{"name":"(anonymous_19)","decl":{"start":{"line":91,"column":2},"end":{"line":91,"column":8}},"loc":{"start":{"line":91,"column":49},"end":{"line":93,"column":3}}},"20":{"name":"(anonymous_20)","decl":{"start":{"line":95,"column":2},"end":{"line":95,"column":8}},"loc":{"start":{"line":95,"column":31},"end":{"line":97,"column":3}}},"21":{"name":"(anonymous_21)","decl":{"start":{"line":99,"column":2},"end":{"line":99,"column":8}},"loc":{"start":{"line":99,"column":35},"end":{"line":101,"column":3}}},"22":{"name":"(anonymous_22)","decl":{"start":{"line":103,"column":2},"end":{"line":103,"column":8}},"loc":{"start":{"line":103,"column":36},"end":{"line":105,"column":3}}},"23":{"name":"(anonymous_23)","decl":{"start":{"line":107,"column":2},"end":{"line":107,"column":8}},"loc":{"start":{"line":107,"column":36},"end":{"line":109,"column":3}}},"24":{"name":"(anonymous_24)","decl":{"start":{"line":112,"column":2},"end":{"line":112,"column":8}},"loc":{"start":{"line":112,"column":39},"end":{"line":114,"column":3}}},"25":{"name":"(anonymous_25)","decl":{"start":{"line":116,"column":2},"end":{"line":116,"column":8}},"loc":{"start":{"line":116,"column":36},"end":{"line":120,"column":3}}}},"branchMap":{"0":{"loc":{"start":{"line":6,"column":4},"end":{"line":8,"column":null}},"type":"if","locations":[{"start":{"line":6,"column":4},"end":{"line":8,"column":null}}]},"1":{"loc":{"start":{"line":14,"column":4},"end":{"line":16,"column":null}},"type":"if","locations":[{"start":{"line":14,"column":4},"end":{"line":16,"column":null}}]},"2":{"loc":{"start":{"line":118,"column":22},"end":{"line":118,"column":46}},"type":"cond-expr","locations":[{"start":{"line":118,"column":34},"end":{"line":118,"column":36}},{"start":{"line":118,"column":22},"end":{"line":118,"column":46}}]},"3":{"loc":{"start":{"line":118,"column":22},"end":{"line":118,"column":36}},"type":"binary-expr","locations":[{"start":{"line":118,"column":22},"end":{"line":118,"column":36}},{"start":{"line":118,"column":22},"end":{"line":118,"column":36}}]}},"s":{"0":6,"1":0,"2":0,"3":0,"4":0,"5":0,"6":0,"7":0,"8":0,"9":0,"10":0,"11":0,"12":0,"13":0,"14":0,"15":0,"16":0,"17":0,"18":0,"19":0,"20":0,"21":0,"22":0,"23":0,"24":0,"25":0,"26":0,"27":0,"28":0,"29":0,"30":0,"31":0,"32":0,"33":0,"34":0,"35":0,"36":0,"37":6},"f":{"0":0,"1":0,"2":0,"3":0,"4":0,"5":0,"6":0,"7":0,"8":0,"9":0,"10":0,"11":0,"12":0,"13":0,"14":0,"15":0,"16":0,"17":0,"18":0,"19":0,"20":0,"21":0,"22":0,"23":0,"24":0,"25":0},"b":{"0":[0],"1":[0],"2":[0,0],"3":[0,0]}}
}
